<?xml version="1.0" encoding="UTF-8"?>
<!-- Generated by org.testng.reporters.JUnitReportReporter -->
<testsuite skipped="0" hostname="DESKTOP-Q4NAHNC" name="TestNGDemo.utility.LoginScript" tests="4" failures="0" timestamp="2021-01-27T17:00:41 IST" time="8.123" errors="0">
  <testcase name="f" time="1.768" classname="TestNGDemo.utility.LoginScript"/>
  <system-out/>
  <testcase name="f" time="2.055" classname="TestNGDemo.utility.LoginScript"/>
  <system-out/>
  <testcase name="f" time="2.364" classname="TestNGDemo.utility.LoginScript"/>
  <system-out/>
  <testcase name="f" time="1.936" classname="TestNGDemo.utility.LoginScript"/>
  <system-out/>
</testsuite> <!-- TestNGDemo.utility.LoginScript -->
