<?xml version="1.0" encoding="UTF-8"?>
<!-- Generated by org.testng.reporters.JUnitReportReporter -->
<testsuite skipped="0" hostname="AADHAR-L-PC13" name="GridConcept.Browserlaunchremotemachine" tests="2" failures="0" timestamp="2021-02-11T16:32:53 IST" time="22.197" errors="0">
  <testcase name="launchBrowser" time="11.969" classname="GridConcept.Browserlaunchremotemachine"/>
  <system-out/>
  <testcase name="launchBrowser" time="10.228" classname="GridConcept.Browserlaunchremotemachine"/>
  <system-out/>
</testsuite> <!-- GridConcept.Browserlaunchremotemachine -->
