<?xml version="1.0" encoding="UTF-8"?>
<!-- Generated by org.testng.reporters.JUnitReportReporter -->
<testsuite skipped="0" hostname="DESKTOP-Q4NAHNC" name="TestNGDemo.Parallel_Seq_Execution_Demo" tests="6" failures="0" timestamp="2021-01-20T17:35:30 IST" time="88.700" errors="0">
  <testcase name="appLaunch" time="9.836" classname="TestNGDemo.Parallel_Seq_Execution_Demo"/>
  <system-out/>
  <testcase name="browserLaunch" time="11.610" classname="TestNGDemo.Parallel_Seq_Execution_Demo"/>
  <system-out/>
  <testcase name="browserLaunch" time="34.812" classname="TestNGDemo.Parallel_Seq_Execution_Demo"/>
  <system-out/>
  <testcase name="browserLaunch" time="11.443" classname="TestNGDemo.Parallel_Seq_Execution_Demo"/>
  <system-out/>
  <testcase name="appLaunch" time="8.770" classname="TestNGDemo.Parallel_Seq_Execution_Demo"/>
  <system-out/>
  <testcase name="appLaunch" time="12.229" classname="TestNGDemo.Parallel_Seq_Execution_Demo"/>
  <system-out/>
</testsuite> <!-- TestNGDemo.Parallel_Seq_Execution_Demo -->
