<?xml version="1.0" encoding="UTF-8"?>
<!-- Generated by org.testng.reporters.JUnitReportReporter -->
<testsuite skipped="0" hostname="AADHAR-L-PC13" name="GridConcept.AlertHandling" tests="1" failures="0" timestamp="2021-02-10T15:54:54 IST" time="5.498" errors="0">
  <testcase name="remotebrowserLaunch" time="5.498" classname="GridConcept.AlertHandling"/>
  <system-out/>
</testsuite> <!-- GridConcept.AlertHandling -->
