<?xml version="1.0" encoding="UTF-8"?>
<!-- Generated by org.testng.reporters.JUnitReportReporter -->
<testsuite skipped="0" hostname="DESKTOP-Q4NAHNC" name="TestNGDemo.AnnotationDemo" tests="2" failures="0" timestamp="2021-01-19T16:57:12 IST" time="0.022" errors="0">
  <testcase name="browserLaunch" time="0.018" classname="TestNGDemo.AnnotationDemo"/>
  <system-out/>
  <testcase name="login" time="0.004" classname="TestNGDemo.AnnotationDemo"/>
  <system-out/>
</testsuite> <!-- TestNGDemo.AnnotationDemo -->
