<?xml version="1.0" encoding="UTF-8"?>
<!-- Generated by org.testng.reporters.JUnitReportReporter -->
<testsuite skipped="4" hostname="DESKTOP-Q4NAHNC" name="TestNGDemo.GroupingDemo" tests="5" failures="0" timestamp="2021-01-21T17:19:22 IST" time="0.026" errors="0">
  <testcase name="verifyTitle" time="0.026" classname="TestNGDemo.GroupingDemo"/>
  <system-out/>
  <testcase name="verifyLogout" classname="TestNGDemo.GroupingDemo">
    <skipped/>
  </testcase> <!-- verifyLogout -->
  <system-out/>
  <testcase name="verifyUrl" classname="TestNGDemo.GroupingDemo">
    <skipped/>
  </testcase> <!-- verifyUrl -->
  <system-out/>
  <testcase name="launchBrowser" classname="TestNGDemo.GroupingDemo">
    <skipped/>
  </testcase> <!-- launchBrowser -->
  <system-out/>
  <testcase name="verifyLogin" classname="TestNGDemo.GroupingDemo">
    <skipped/>
  </testcase> <!-- verifyLogin -->
  <system-out/>
</testsuite> <!-- TestNGDemo.GroupingDemo -->
