<?xml version="1.0" encoding="UTF-8"?>
<!-- Generated by org.testng.reporters.JUnitReportReporter -->
<testsuite skipped="1" hostname="DESKTOP-Q4NAHNC" name="EventHandling.MouseHandling" tests="2" failures="0" timestamp="2021-02-05T17:55:44 IST" time="0.560" errors="0">
  <testcase name="dragDrop" time="0.560" classname="EventHandling.MouseHandling"/>
  <system-out/>
  <testcase name="menuItems" classname="EventHandling.MouseHandling">
    <skipped/>
  </testcase> <!-- menuItems -->
  <system-out/>
</testsuite> <!-- EventHandling.MouseHandling -->
