<?xml version="1.0" encoding="UTF-8"?>
<!-- Generated by org.testng.reporters.JUnitReportReporter -->
<testsuite skipped="0" hostname="DESKTOP-Q4NAHNC" name="TestNGDemo.NewTest" tests="1" failures="0" timestamp="2021-01-19T16:57:12 IST" time="0.004" errors="0">
  <testcase name="f" time="0.004" classname="TestNGDemo.NewTest"/>
  <system-out/>
</testsuite> <!-- TestNGDemo.NewTest -->
