<?xml version="1.0" encoding="UTF-8"?>
<!-- Generated by org.testng.reporters.JUnitReportReporter -->
<testsuite skipped="0" hostname="DESKTOP-Q4NAHNC" name="EventHandling.WindowHandling" tests="1" failures="0" timestamp="2021-02-08T16:54:38 IST" time="6.507" errors="0">
  <testcase name="windowHandling" time="6.507" classname="EventHandling.WindowHandling"/>
  <system-out/>
</testsuite> <!-- EventHandling.WindowHandling -->
