<?xml version="1.0" encoding="UTF-8"?>
<!-- Generated by org.testng.reporters.JUnitReportReporter -->
<testsuite skipped="0" hostname="DESKTOP-Q4NAHNC" name="TestNGDemo.DependsOnMethodsBasicDemo" tests="4" failures="0" timestamp="2021-01-19T17:28:21 IST" time="0.036" errors="0">
  <testcase name="logout" time="0.011" classname="TestNGDemo.DependsOnMethodsBasicDemo"/>
  <system-out/>
  <testcase name="appLaunch" time="0.003" classname="TestNGDemo.DependsOnMethodsBasicDemo"/>
  <system-out/>
  <testcase name="browserLaunch" time="0.020" classname="TestNGDemo.DependsOnMethodsBasicDemo"/>
  <system-out/>
  <testcase name="login" time="0.002" classname="TestNGDemo.DependsOnMethodsBasicDemo"/>
  <system-out/>
</testsuite> <!-- TestNGDemo.DependsOnMethodsBasicDemo -->
