<?xml version="1.0" encoding="UTF-8"?>
<!-- Generated by org.testng.reporters.JUnitReportReporter -->
<testsuite skipped="0" hostname="DESKTOP-Q4NAHNC" name="NewTest" tests="1" failures="0" timestamp="2021-01-19T16:45:11 IST" time="0.003" errors="0">
  <testcase name="f" time="0.003" classname="NewTest"/>
  <system-out/>
</testsuite> <!-- NewTest -->
