<?xml version="1.0" encoding="UTF-8"?>
<!-- Generated by org.testng.reporters.JUnitReportReporter -->
<testsuite skipped="0" hostname="DESKTOP-Q4NAHNC" name="EventHandling.IFrameHandling" tests="1" failures="0" timestamp="2021-02-05T17:23:38 IST" time="5.814" errors="0">
  <testcase name="alertBox" time="5.814" classname="EventHandling.IFrameHandling"/>
  <system-out/>
</testsuite> <!-- EventHandling.IFrameHandling -->
